::Random Seed :: 7593
1  ::  160.84865577514665
2  ::  21.870925615625783
3  ::  56.12232968222869
4  ::  81.47489274363794
5  ::  193.09437274711658
6  ::  121.05383549968754
7  ::  134.71452493943102
8  ::  71.29350983324106
9  ::  20.351799639853606
10  ::  15.681664531404698
11  ::  45.028822258553724
::Random Seed :: 75942
1  ::  159.98242434267297
2  ::  31.760557531824833
3  ::  62.13897494553172
4  ::  84.20921040097973
5  ::  197.2586897113229
6  ::  121.11174154880077
7  ::  132.281759727695
8  ::  71.53876122917025
9  ::  25.439392316321726
10  ::  20.95565762654394
11  ::  49.46569468774971
::Random Seed :: 47927
1  ::  157.08597865126242
2  ::  26.642562089300764
3  ::  54.48609881297718
4  ::  76.93824117817725
5  ::  186.6933100114037
6  ::  142.09208186346945
7  ::  128.43794099312728
8  ::  73.01644532255388
9  ::  24.954353514309137
10  ::  23.876808406727488
11  ::  38.935518620863476
::Random Seed :: 954
1  ::  157.8829656615333
2  ::  30.736543842358106
3  ::  63.18670540096125
4  ::  90.66766207508488
5  ::  199.5827604692537
6  ::  151.40074504497593
7  ::  145.59140098603197
8  ::  77.03321683141151
9  ::  29.670808494576956
10  ::  26.860337169009266
11  ::  49.93207751251715
::Random Seed :: 57492
1  ::  169.69509436361662
2  ::  32.672695217535825
3  ::  69.54804928860817
4  ::  103.25601852840414
5  ::  208.83016302461593
6  ::  145.4736299807898
7  ::  151.72303500219004
8  ::  78.20725059613397
9  ::  27.094048928429384
10  ::  23.387554726833717
11  ::  53.03502962586194
::Random Seed :: 5742
1  ::  164.7700771063818
2  ::  29.56774943723518
3  ::  64.3695558646517
4  ::  98.46325205812347
5  ::  194.58273461181594
6  ::  145.57279434860837
7  ::  138.5085618867793
8  ::  74.03360073540716
9  ::  25.45177656399311
10  ::  19.93895842129164
11  ::  51.86742946613044
[161.71086598  28.87517229  61.64195233  89.16821283 196.67367176
 137.78413805 138.54287059  74.18713076  25.49369658  21.78349681
  48.04409536]
