::Random Seed :: 7593
1  ::  160.84865577514665
2  ::  21.82595160837418
3  ::  55.967170881944526
4  ::  81.23407819859814
5  ::  192.61741409578067
6  ::  121.07327782572162
7  ::  134.16491692502453
8  ::  71.26410961955013
9  ::  20.24713476088132
10  ::  15.336290905470358
11  ::  44.87398419924754
::Random Seed :: 75942
1  ::  159.98242434267297
2  ::  31.742482824806142
3  ::  62.22118900191725
4  ::  84.13414034106383
5  ::  197.01180312033125
6  ::  121.13688036345998
7  ::  131.87172558610453
8  ::  71.51415787766183
9  ::  25.29826128386587
10  ::  20.62036793216161
11  ::  49.38789733868251
::Random Seed :: 47927
1  ::  157.08597865126242
2  ::  26.592821102446212
3  ::  54.3676825901353
4  ::  76.65646979999894
5  ::  186.4140918689657
6  ::  142.10343059886944
7  ::  128.10445326125588
8  ::  72.9829913510725
9  ::  24.95347349937657
10  ::  23.83729614157734
11  ::  38.89959395477052
::Random Seed :: 954
1  ::  157.8829656615333
2  ::  30.705651305502744
3  ::  63.15456127935974
4  ::  90.3920413064734
5  ::  198.98899876058462
6  ::  151.3925261103549
7  ::  145.03162653457625
8  ::  77.01688340512975
9  ::  29.578585985733824
10  ::  26.484568371146256
11  ::  49.92456503022862
::Random Seed :: 57492
1  ::  169.69509436361662
2  ::  32.71205847256211
3  ::  69.56987729450994
4  ::  103.19796628618701
5  ::  208.74914497984355
6  ::  145.51397595114557
7  ::  151.7821431888709
8  ::  78.2019231556688
9  ::  26.60694068441042
10  ::  22.765756152537836
11  ::  52.97663221404824
::Random Seed :: 5742
1  ::  164.7700771063818
2  ::  29.571471491000768
3  ::  64.45887707192558
4  ::  98.4587907842536
5  ::  194.4561065456838
6  ::  145.5971945546095
7  ::  138.51643167174998
8  ::  74.05701534198391
9  ::  25.376215261937322
10  ::  19.9074685903224
11  ::  51.860727569605835
[161.71086598  28.85840613  61.62322635  89.01224779 196.37292656
 137.8028809  138.24521619  74.17284679  25.34343525  21.49195802
  47.98723338]
